<?xml version="1.0" encoding="UTF-8"?>
<testsuite xmlns:xsi="http://www.w3.org/2001/XMLSchema-instance" xsi:noNamespaceSchemaLocation="https://maven.apache.org/surefire/maven-surefire-plugin/xsd/surefire-test-report-3.0.xsd" version="3.0" name="TestSuite" time="4.762" tests="1" errors="0" skipped="0" failures="0">
  <properties>
    <property name="java.specification.version" value="23"/>
    <property name="sun.jnu.encoding" value="UTF-8"/>
    <property name="java.class.path" value="/Users/champ/eclipse-workspace/RestAssuredFramework/com.framework.api/target/test-classes:/Users/champ/eclipse-workspace/RestAssuredFramework/com.framework.api/target/classes:/Users/champ/.m2/repository/io/rest-assured/rest-assured/5.3.0/rest-assured-5.3.0.jar:/Users/champ/.m2/repository/org/apache/groovy/groovy/4.0.6/groovy-4.0.6.jar:/Users/champ/.m2/repository/org/apache/groovy/groovy-xml/4.0.6/groovy-xml-4.0.6.jar:/Users/champ/.m2/repository/org/apache/httpcomponents/httpclient/4.5.13/httpclient-4.5.13.jar:/Users/champ/.m2/repository/org/apache/httpcomponents/httpcore/4.4.13/httpcore-4.4.13.jar:/Users/champ/.m2/repository/commons-logging/commons-logging/1.2/commons-logging-1.2.jar:/Users/champ/.m2/repository/commons-codec/commons-codec/1.11/commons-codec-1.11.jar:/Users/champ/.m2/repository/org/apache/httpcomponents/httpmime/4.5.13/httpmime-4.5.13.jar:/Users/champ/.m2/repository/org/hamcrest/hamcrest/2.1/hamcrest-2.1.jar:/Users/champ/.m2/repository/org/ccil/cowan/tagsoup/tagsoup/1.2.1/tagsoup-1.2.1.jar:/Users/champ/.m2/repository/io/rest-assured/json-path/5.3.0/json-path-5.3.0.jar:/Users/champ/.m2/repository/org/apache/groovy/groovy-json/4.0.6/groovy-json-4.0.6.jar:/Users/champ/.m2/repository/io/rest-assured/rest-assured-common/5.3.0/rest-assured-common-5.3.0.jar:/Users/champ/.m2/repository/io/rest-assured/xml-path/5.3.0/xml-path-5.3.0.jar:/Users/champ/.m2/repository/org/apache/commons/commons-lang3/3.11/commons-lang3-3.11.jar:/Users/champ/.m2/repository/com/fasterxml/jackson/core/jackson-databind/2.15.3/jackson-databind-2.15.3.jar:/Users/champ/.m2/repository/com/fasterxml/jackson/core/jackson-annotations/2.15.3/jackson-annotations-2.15.3.jar:/Users/champ/.m2/repository/com/fasterxml/jackson/core/jackson-core/2.15.3/jackson-core-2.15.3.jar:/Users/champ/.m2/repository/org/testng/testng/7.4.0/testng-7.4.0.jar:/Users/champ/.m2/repository/com/beust/jcommander/1.78/jcommander-1.78.jar:/Users/champ/.m2/repository/org/webjars/jquery/3.5.1/jquery-3.5.1.jar:/Users/champ/.m2/repository/org/apache/logging/log4j/log4j-api/2.20.0/log4j-api-2.20.0.jar:/Users/champ/.m2/repository/org/apache/logging/log4j/log4j-core/2.20.0/log4j-core-2.20.0.jar:"/>
    <property name="java.vm.vendor" value="Homebrew"/>
    <property name="sun.arch.data.model" value="64"/>
    <property name="java.vendor.url" value="https://github.com/Homebrew/homebrew-core/issues"/>
    <property name="user.timezone" value="America/New_York"/>
    <property name="os.name" value="Mac OS X"/>
    <property name="java.vm.specification.version" value="23"/>
    <property name="sun.java.launcher" value="SUN_STANDARD"/>
    <property name="user.country" value="US"/>
    <property name="sun.boot.library.path" value="/usr/local/Cellar/openjdk/23.0.2/libexec/openjdk.jdk/Contents/Home/lib"/>
    <property name="sun.java.command" value="/Users/champ/eclipse-workspace/RestAssuredFramework/com.framework.api/target/surefire/surefirebooter-20250529154932685_3.jar /Users/champ/eclipse-workspace/RestAssuredFramework/com.framework.api/target/surefire 2025-05-29T15-49-32_514-jvmRun1 surefire-20250529154932685_1tmp surefire_0-20250529154932685_2tmp"/>
    <property name="http.nonProxyHosts" value="local|*.local|169.254/16|*.169.254/16"/>
    <property name="jdk.debug" value="release"/>
    <property name="surefire.test.class.path" value="/Users/champ/eclipse-workspace/RestAssuredFramework/com.framework.api/target/test-classes:/Users/champ/eclipse-workspace/RestAssuredFramework/com.framework.api/target/classes:/Users/champ/.m2/repository/io/rest-assured/rest-assured/5.3.0/rest-assured-5.3.0.jar:/Users/champ/.m2/repository/org/apache/groovy/groovy/4.0.6/groovy-4.0.6.jar:/Users/champ/.m2/repository/org/apache/groovy/groovy-xml/4.0.6/groovy-xml-4.0.6.jar:/Users/champ/.m2/repository/org/apache/httpcomponents/httpclient/4.5.13/httpclient-4.5.13.jar:/Users/champ/.m2/repository/org/apache/httpcomponents/httpcore/4.4.13/httpcore-4.4.13.jar:/Users/champ/.m2/repository/commons-logging/commons-logging/1.2/commons-logging-1.2.jar:/Users/champ/.m2/repository/commons-codec/commons-codec/1.11/commons-codec-1.11.jar:/Users/champ/.m2/repository/org/apache/httpcomponents/httpmime/4.5.13/httpmime-4.5.13.jar:/Users/champ/.m2/repository/org/hamcrest/hamcrest/2.1/hamcrest-2.1.jar:/Users/champ/.m2/repository/org/ccil/cowan/tagsoup/tagsoup/1.2.1/tagsoup-1.2.1.jar:/Users/champ/.m2/repository/io/rest-assured/json-path/5.3.0/json-path-5.3.0.jar:/Users/champ/.m2/repository/org/apache/groovy/groovy-json/4.0.6/groovy-json-4.0.6.jar:/Users/champ/.m2/repository/io/rest-assured/rest-assured-common/5.3.0/rest-assured-common-5.3.0.jar:/Users/champ/.m2/repository/io/rest-assured/xml-path/5.3.0/xml-path-5.3.0.jar:/Users/champ/.m2/repository/org/apache/commons/commons-lang3/3.11/commons-lang3-3.11.jar:/Users/champ/.m2/repository/com/fasterxml/jackson/core/jackson-databind/2.15.3/jackson-databind-2.15.3.jar:/Users/champ/.m2/repository/com/fasterxml/jackson/core/jackson-annotations/2.15.3/jackson-annotations-2.15.3.jar:/Users/champ/.m2/repository/com/fasterxml/jackson/core/jackson-core/2.15.3/jackson-core-2.15.3.jar:/Users/champ/.m2/repository/org/testng/testng/7.4.0/testng-7.4.0.jar:/Users/champ/.m2/repository/com/beust/jcommander/1.78/jcommander-1.78.jar:/Users/champ/.m2/repository/org/webjars/jquery/3.5.1/jquery-3.5.1.jar:/Users/champ/.m2/repository/org/apache/logging/log4j/log4j-api/2.20.0/log4j-api-2.20.0.jar:/Users/champ/.m2/repository/org/apache/logging/log4j/log4j-core/2.20.0/log4j-core-2.20.0.jar:"/>
    <property name="sun.cpu.endian" value="little"/>
    <property name="user.home" value="/Users/champ"/>
    <property name="user.language" value="en"/>
    <property name="java.specification.vendor" value="Oracle Corporation"/>
    <property name="java.version.date" value="2025-01-21"/>
    <property name="java.home" value="/usr/local/Cellar/openjdk/23.0.2/libexec/openjdk.jdk/Contents/Home"/>
    <property name="file.separator" value="/"/>
    <property name="basedir" value="/Users/champ/eclipse-workspace/RestAssuredFramework/com.framework.api"/>
    <property name="java.vm.compressedOopsMode" value="Zero based"/>
    <property name="line.separator" value="&#10;"/>
    <property name="java.vm.specification.vendor" value="Oracle Corporation"/>
    <property name="java.specification.name" value="Java Platform API Specification"/>
    <property name="apple.awt.application.name" value="ForkedBooter"/>
    <property name="surefire.real.class.path" value="/Users/champ/eclipse-workspace/RestAssuredFramework/com.framework.api/target/surefire/surefirebooter-20250529154932685_3.jar"/>
    <property name="sun.management.compiler" value="HotSpot 64-Bit Tiered Compilers"/>
    <property name="ftp.nonProxyHosts" value="local|*.local|169.254/16|*.169.254/16"/>
    <property name="java.runtime.version" value="23.0.2"/>
    <property name="user.name" value="champ"/>
    <property name="stdout.encoding" value="UTF-8"/>
    <property name="path.separator" value=":"/>
    <property name="os.version" value="15.5"/>
    <property name="java.runtime.name" value="OpenJDK Runtime Environment"/>
    <property name="file.encoding" value="UTF-8"/>
    <property name="java.vm.name" value="OpenJDK 64-Bit Server VM"/>
    <property name="java.vendor.version" value="Homebrew"/>
    <property name="localRepository" value="/Users/champ/.m2/repository"/>
    <property name="java.vendor.url.bug" value="https://github.com/Homebrew/homebrew-core/issues"/>
    <property name="java.io.tmpdir" value="/var/folders/8h/jmfyvlrn12l67s2_b582z2g00000gn/T/"/>
    <property name="java.version" value="23.0.2"/>
    <property name="user.dir" value="/Users/champ/eclipse-workspace/RestAssuredFramework/com.framework.api"/>
    <property name="os.arch" value="x86_64"/>
    <property name="java.vm.specification.name" value="Java Virtual Machine Specification"/>
    <property name="native.encoding" value="UTF-8"/>
    <property name="java.library.path" value="/Users/champ/Library/Java/Extensions:/Library/Java/Extensions:/Network/Library/Java/Extensions:/System/Library/Java/Extensions:/usr/lib/java:."/>
    <property name="suite" value="Suite.xml"/>
    <property name="java.vm.info" value="mixed mode, sharing"/>
    <property name="stderr.encoding" value="UTF-8"/>
    <property name="java.vendor" value="Homebrew"/>
    <property name="java.vm.version" value="23.0.2"/>
    <property name="sun.io.unicode.encoding" value="UnicodeBig"/>
    <property name="socksNonProxyHosts" value="local|*.local|169.254/16|*.169.254/16"/>
    <property name="java.class.version" value="67.0"/>
  </properties>
  <testcase name="loginTestAuth" classname="com.api.tests.LoginAPITest_1" time="3.237">
    <system-out><![CDATA[2025-05-29 15:49:34 [main] INFO  com.api.listeners.TestListener - Test StartedloginTestAuth
2025-05-29 15:49:34 [main] INFO  com.api.listeners.TestListener - DescriptionVerify if login API is working
2025-05-29 15:49:37 [main] INFO  com.api.filters.LoggingFilters - Request Header Server=nginx
Date=Thu, 29 May 2025 19:49:37 GMT
Content-Type=application/json; charset=utf-8
Content-Length=930
Connection=keep-alive
Access-Control-Allow-Origin=*
X-DNS-Prefetch-Control=off
X-Frame-Options=SAMEORIGIN
Strict-Transport-Security=max-age=15552000; includeSubDomains
X-Download-Options=noopen
X-Content-Type-Options=nosniff
X-XSS-Protection=1; mode=block
X-Powered-By=Cats on Keyboards
X-RateLimit-Limit=100
X-RateLimit-Remaining=99
X-RateLimit-Reset=1748548186
Set-Cookie=accessToken=eyJhbGciOiJIUzI1NiIsInR5cCI6IkpXVCJ9.eyJpZCI6MSwidXNlcm5hbWUiOiJlbWlseXMiLCJlbWFpbCI6ImVtaWx5LmpvaG5zb25AeC5kdW1teWpzb24uY29tIiwiZmlyc3ROYW1lIjoiRW1pbHkiLCJsYXN0TmFtZSI6IkpvaG5zb24iLCJnZW5kZXIiOiJmZW1hbGUiLCJpbWFnZSI6Imh0dHBzOi8vZHVtbXlqc29uLmNvbS9pY29uL2VtaWx5cy8xMjgiLCJpYXQiOjE3NDg1NDgxNzcsImV4cCI6MTc0ODU1MTc3N30.JIVFx6iqMaW09jFhc8UE11jBrUKX02RtdvWFJd9KbHU; Max-Age=3600; Path=/; Expires=Thu, 29 May 2025 20:49:37 GMT; HttpOnly; Secure
Set-Cookie=refreshToken=eyJhbGciOiJIUzI1NiIsInR5cCI6IkpXVCJ9.eyJpZCI6MSwidXNlcm5hbWUiOiJlbWlseXMiLCJlbWFpbCI6ImVtaWx5LmpvaG5zb25AeC5kdW1teWpzb24uY29tIiwiZmlyc3ROYW1lIjoiRW1pbHkiLCJsYXN0TmFtZSI6IkpvaG5zb24iLCJnZW5kZXIiOiJmZW1hbGUiLCJpbWFnZSI6Imh0dHBzOi8vZHVtbXlqc29uLmNvbS9pY29uL2VtaWx5cy8xMjgiLCJpYXQiOjE3NDg1NDgxNzcsImV4cCI6MTc1MTE0MDE3N30.bASlqPCNKOD3gSDwERwozVptsiPi6wcRThyC4Ux-RBQ; Max-Age=3600; Path=/; Expires=Thu, 29 May 2025 20:49:37 GMT; HttpOnly; Secure
ETag=W/"3a2-E2/+JhgdTO7RTHxhpITZ0N8cCDw"
Vary=Accept-Encoding
{
    "accessToken": "eyJhbGciOiJIUzI1NiIsInR5cCI6IkpXVCJ9.eyJpZCI6MSwidXNlcm5hbWUiOiJlbWlseXMiLCJlbWFpbCI6ImVtaWx5LmpvaG5zb25AeC5kdW1teWpzb24uY29tIiwiZmlyc3ROYW1lIjoiRW1pbHkiLCJsYXN0TmFtZSI6IkpvaG5zb24iLCJnZW5kZXIiOiJmZW1hbGUiLCJpbWFnZSI6Imh0dHBzOi8vZHVtbXlqc29uLmNvbS9pY29uL2VtaWx5cy8xMjgiLCJpYXQiOjE3NDg1NDgxNzcsImV4cCI6MTc0ODU1MTc3N30.JIVFx6iqMaW09jFhc8UE11jBrUKX02RtdvWFJd9KbHU",
    "refreshToken": "eyJhbGciOiJIUzI1NiIsInR5cCI6IkpXVCJ9.eyJpZCI6MSwidXNlcm5hbWUiOiJlbWlseXMiLCJlbWFpbCI6ImVtaWx5LmpvaG5zb25AeC5kdW1teWpzb24uY29tIiwiZmlyc3ROYW1lIjoiRW1pbHkiLCJsYXN0TmFtZSI6IkpvaG5zb24iLCJnZW5kZXIiOiJmZW1hbGUiLCJpbWFnZSI6Imh0dHBzOi8vZHVtbXlqc29uLmNvbS9pY29uL2VtaWx5cy8xMjgiLCJpYXQiOjE3NDg1NDgxNzcsImV4cCI6MTc1MTE0MDE3N30.bASlqPCNKOD3gSDwERwozVptsiPi6wcRThyC4Ux-RBQ",
    "id": 1,
    "username": "emilys",
    "email": "emily.johnson@x.dummyjson.com",
    "firstName": "Emily",
    "lastName": "Johnson",
    "gender": "female",
    "image": "https://dummyjson.com/icon/emilys/128"
}
2025-05-29 15:49:37 [main] INFO  com.api.filters.LoggingFilters - Request Payload {
    "accessToken": "eyJhbGciOiJIUzI1NiIsInR5cCI6IkpXVCJ9.eyJpZCI6MSwidXNlcm5hbWUiOiJlbWlseXMiLCJlbWFpbCI6ImVtaWx5LmpvaG5zb25AeC5kdW1teWpzb24uY29tIiwiZmlyc3ROYW1lIjoiRW1pbHkiLCJsYXN0TmFtZSI6IkpvaG5zb24iLCJnZW5kZXIiOiJmZW1hbGUiLCJpbWFnZSI6Imh0dHBzOi8vZHVtbXlqc29uLmNvbS9pY29uL2VtaWx5cy8xMjgiLCJpYXQiOjE3NDg1NDgxNzcsImV4cCI6MTc0ODU1MTc3N30.JIVFx6iqMaW09jFhc8UE11jBrUKX02RtdvWFJd9KbHU",
    "refreshToken": "eyJhbGciOiJIUzI1NiIsInR5cCI6IkpXVCJ9.eyJpZCI6MSwidXNlcm5hbWUiOiJlbWlseXMiLCJlbWFpbCI6ImVtaWx5LmpvaG5zb25AeC5kdW1teWpzb24uY29tIiwiZmlyc3ROYW1lIjoiRW1pbHkiLCJsYXN0TmFtZSI6IkpvaG5zb24iLCJnZW5kZXIiOiJmZW1hbGUiLCJpbWFnZSI6Imh0dHBzOi8vZHVtbXlqc29uLmNvbS9pY29uL2VtaWx5cy8xMjgiLCJpYXQiOjE3NDg1NDgxNzcsImV4cCI6MTc1MTE0MDE3N30.bASlqPCNKOD3gSDwERwozVptsiPi6wcRThyC4Ux-RBQ",
    "id": 1,
    "username": "emilys",
    "email": "emily.johnson@x.dummyjson.com",
    "firstName": "Emily",
    "lastName": "Johnson",
    "gender": "female",
    "image": "https://dummyjson.com/icon/emilys/128"
}
2025-05-29 15:49:37 [main] INFO  com.api.filters.LoggingFilters - Status Code 200
eyJhbGciOiJIUzI1NiIsInR5cCI6IkpXVCJ9.eyJpZCI6MSwidXNlcm5hbWUiOiJlbWlseXMiLCJlbWFpbCI6ImVtaWx5LmpvaG5zb25AeC5kdW1teWpzb24uY29tIiwiZmlyc3ROYW1lIjoiRW1pbHkiLCJsYXN0TmFtZSI6IkpvaG5zb24iLCJnZW5kZXIiOiJmZW1hbGUiLCJpbWFnZSI6Imh0dHBzOi8vZHVtbXlqc29uLmNvbS9pY29uL2VtaWx5cy8xMjgiLCJpYXQiOjE3NDg1NDgxNzcsImV4cCI6MTc0ODU1MTc3N30.JIVFx6iqMaW09jFhc8UE11jBrUKX02RtdvWFJd9KbHU
2025-05-29 15:49:37 [main] INFO  com.api.listeners.TestListener - PassedloginTestAuth
2025-05-29 15:49:37 [main] INFO  com.api.listeners.TestListener - DescriptionVerify if login API is working
]]></system-out>
  </testcase>
</testsuite>