<?xml version="1.0" encoding="UTF-8"?>
<!-- Generated by org.testng.reporters.JUnitReportReporter -->
<testsuite hostname="Champs-MacBook-Pro.local" failures="0" tests="1" name="com.api.tests.LoginApiTest" time="3.058" errors="0" timestamp="2025-05-29T00:55:26 EDT" skipped="0">
  <testcase classname="com.api.tests.LoginApiTest" name="loginTest" time="3.058"/>
  <system-out/>
</testsuite> <!-- com.api.tests.LoginApiTest -->
