<?xml version="1.0" encoding="UTF-8"?>
<!-- Generated by org.testng.reporters.JUnitReportReporter -->
<testsuite hostname="Champs-MacBook-Pro.local" failures="0" tests="1" name="com.api.tests.AddProductAPITest" time="3.141" errors="0" timestamp="2025-05-29T13:49:24 EDT" skipped="0">
  <testcase classname="com.api.tests.AddProductAPITest" name="addProduct" time="3.141"/>
  <system-out/>
</testsuite> <!-- com.api.tests.AddProductAPITest -->
