<?xml version="1.0" encoding="UTF-8"?>
<!-- Generated by org.testng.reporters.JUnitReportReporter -->
<testsuite hostname="Champs-MacBook-Pro.local" failures="0" tests="1" name="com.api.tests.AddProductTest" time="3.200" errors="0" timestamp="2025-05-29T13:41:29 EDT" skipped="0">
  <testcase classname="com.api.tests.AddProductTest" name="addProduct" time="3.200"/>
  <system-out/>
</testsuite> <!-- com.api.tests.AddProductTest -->
