<?xml version="1.0" encoding="UTF-8"?>
<!-- Generated by org.testng.reporters.JUnitReportReporter -->
<testsuite hostname="Champs-MacBook-Pro.local" failures="0" tests="1" name="com.api.tests.LoginAPITest_1" time="3.179" errors="0" timestamp="2025-05-29T15:49:37 EDT" skipped="0">
  <testcase classname="com.api.tests.LoginAPITest_1" name="loginTestAuth" time="3.179"/>
  <system-out/>
</testsuite> <!-- com.api.tests.LoginAPITest_1 -->
